# JRE version: Java(TM) SE Runtime Environment (21.0.5+9) (build 21.0.5+9-LTS-239)
# Java VM: Java HotSpot(TM) 64-Bit Server VM (21.0.5+9-LTS-239, mixed mode, sharing, tiered, compressed oops, compressed class ptrs, g1 gc, windows-amd64)
GC Precious Log:
 CardTable entry size: 512
 Card Set container configuration: InlinePtr #cards 4 size 8 Array Of Cards #cards 32 size 80 Howl #buckets 8 coarsen threshold 7372 Howl Bitmap #cards 1024 size 144 coarsen threshold 921 Card regions per heap region 1 cards per card region 8192
 CPUs: 20 total, 20 available
 Memory: 32581M
 Large Page Support: Disabled
 NUMA Support: Disabled
 Compressed Oops: Enabled (Zero based)
 Heap Region Size: 4M
 Heap Min Capacity: 8M
 Heap Initial Capacity: 512M
 Heap Max Capacity: 8148M
 Pre-touch: Disabled
 Parallel Workers: 15
 Concurrent Workers: 4
 Concurrent Refinement Workers: 15
 Periodic GC: Disabled
Heap:
 garbage-first heap   total 110592K, used 52758K [0x0000000602c00000, 0x0000000800000000)
  region size 4096K, 10 young (40960K), 2 survivors (8192K)
 Metaspace       used 64991K, committed 65664K, reserved 1114112K
  class space    used 8553K, committed 8832K, reserved 1048576K
GC Heap History (16 events):
Event: 0.309 GC heap before
{Heap before GC invocations=0 (full 0):
 garbage-first heap   total 524288K, used 20480K [0x0000000602c00000, 0x0000000800000000)
  region size 4096K, 6 young (24576K), 0 survivors (0K)
 Metaspace       used 6421K, committed 6592K, reserved 1114112K
  class space    used 731K, committed 832K, reserved 1048576K
}
Event: 0.312 GC heap after
{Heap after GC invocations=1 (full 0):
 garbage-first heap   total 524288K, used 6900K [0x0000000602c00000, 0x0000000800000000)
  region size 4096K, 1 young (4096K), 1 survivors (4096K)
 Metaspace       used 6421K, committed 6592K, reserved 1114112K
  class space    used 731K, committed 832K, reserved 1048576K
}
Event: 0.460 GC heap before
{Heap before GC invocations=1 (full 0):
 garbage-first heap   total 524288K, used 27380K [0x0000000602c00000, 0x0000000800000000)
  region size 4096K, 6 young (24576K), 1 survivors (4096K)
 Metaspace       used 11408K, committed 11712K, reserved 1114112K
  class space    used 1332K, committed 1472K, reserved 1048576K
}
Event: 0.462 GC heap after
{Heap after GC invocations=2 (full 0):
 garbage-first heap   total 524288K, used 8811K [0x0000000602c00000, 0x0000000800000000)
  region size 4096K, 1 young (4096K), 1 survivors (4096K)
 Metaspace       used 11408K, committed 11712K, reserved 1114112K
  class space    used 1332K, committed 1472K, reserved 1048576K
}
Event: 0.914 GC heap before
{Heap before GC invocations=2 (full 0):
 garbage-first heap   total 524288K, used 57963K [0x0000000602c00000, 0x0000000800000000)
  region size 4096K, 14 young (57344K), 1 survivors (4096K)
 Metaspace       used 21234K, committed 21504K, reserved 1114112K
  class space    used 2530K, committed 2688K, reserved 1048576K
}
Event: 0.916 GC heap after
{Heap after GC invocations=3 (full 0):
 garbage-first heap   total 524288K, used 13539K [0x0000000602c00000, 0x0000000800000000)
  region size 4096K, 2 young (8192K), 2 survivors (8192K)
 Metaspace       used 21234K, committed 21504K, reserved 1114112K
  class space    used 2530K, committed 2688K, reserved 1048576K
}
Event: 1.611 GC heap before
{Heap before GC invocations=4 (full 0):
 garbage-first heap   total 69632K, used 66787K [0x0000000602c00000, 0x0000000800000000)
  region size 4096K, 15 young (61440K), 2 survivors (8192K)
 Metaspace       used 31204K, committed 31680K, reserved 1114112K
  class space    used 3892K, committed 4096K, reserved 1048576K
}
Event: 1.614 GC heap after
{Heap after GC invocations=5 (full 0):
 garbage-first heap   total 81920K, used 18109K [0x0000000602c00000, 0x0000000800000000)
  region size 4096K, 3 young (12288K), 3 survivors (12288K)
 Metaspace       used 31204K, committed 31680K, reserved 1114112K
  class space    used 3892K, committed 4096K, reserved 1048576K
}
Event: 1.787 GC heap before
{Heap before GC invocations=5 (full 0):
 garbage-first heap   total 81920K, used 34493K [0x0000000602c00000, 0x0000000800000000)
  region size 4096K, 8 young (32768K), 3 survivors (12288K)
 Metaspace       used 35588K, committed 36096K, reserved 1114112K
  class space    used 4627K, committed 4864K, reserved 1048576K
}
Event: 1.790 GC heap after
{Heap after GC invocations=6 (full 0):
 garbage-first heap   total 81920K, used 19424K [0x0000000602c00000, 0x0000000800000000)
  region size 4096K, 1 young (4096K), 1 survivors (4096K)
 Metaspace       used 35588K, committed 36096K, reserved 1114112K
  class space    used 4627K, committed 4864K, reserved 1048576K
}
Event: 1.799 GC heap before
{Heap before GC invocations=6 (full 0):
 garbage-first heap   total 81920K, used 19424K [0x0000000602c00000, 0x0000000800000000)
  region size 4096K, 2 young (8192K), 1 survivors (4096K)
 Metaspace       used 35907K, committed 36416K, reserved 1114112K
  class space    used 4661K, committed 4864K, reserved 1048576K
}
Event: 1.800 GC heap after
{Heap after GC invocations=7 (full 0):
 garbage-first heap   total 81920K, used 18549K [0x0000000602c00000, 0x0000000800000000)
  region size 4096K, 1 young (4096K), 1 survivors (4096K)
 Metaspace       used 35907K, committed 36416K, reserved 1114112K
  class space    used 4661K, committed 4864K, reserved 1048576K
}
Event: 2.294 GC heap before
{Heap before GC invocations=8 (full 0):
 garbage-first heap   total 81920K, used 59509K [0x0000000602c00000, 0x0000000800000000)
  region size 4096K, 11 young (45056K), 1 survivors (4096K)
 Metaspace       used 50696K, committed 51264K, reserved 1114112K
  class space    used 6451K, committed 6720K, reserved 1048576K
}
Event: 2.296 GC heap after
{Heap after GC invocations=9 (full 0):
 garbage-first heap   total 303104K, used 21972K [0x0000000602c00000, 0x0000000800000000)
  region size 4096K, 2 young (8192K), 2 survivors (8192K)
 Metaspace       used 50696K, committed 51264K, reserved 1114112K
  class space    used 6451K, committed 6720K, reserved 1048576K
}
Event: 2.970 GC heap before
{Heap before GC invocations=9 (full 0):
 garbage-first heap   total 303104K, used 54740K [0x0000000602c00000, 0x0000000800000000)
  region size 4096K, 11 young (45056K), 2 survivors (8192K)
 Metaspace       used 60305K, committed 60928K, reserved 1114112K
  class space    used 7902K, committed 8192K, reserved 1048576K
}
Event: 2.973 GC heap after
{Heap after GC invocations=10 (full 0):
 garbage-first heap   total 303104K, used 24086K [0x0000000602c00000, 0x0000000800000000)
  region size 4096K, 2 young (8192K), 2 survivors (8192K)
 Metaspace       used 60305K, committed 60928K, reserved 1114112K
  class space    used 7902K, committed 8192K, reserved 1048576K
}

